-------------------------------------------------------------------------------
Test set: TestCheckWordsWithConsecutiveLetters
-------------------------------------------------------------------------------
Tests run: 1, Failures: 1, Errors: 0, Skipped: 0, Time elapsed: 0.097 s <<< FAILURE! - in TestCheckWordsWithConsecutiveLetters
testListWithNoExpectedWords(TestCheckWordsWithConsecutiveLetters)  Time elapsed: 0.015 s  <<< FAILURE!
java.lang.AssertionError: Test Failed due to Mismatch expected:<[No Words with Consecutive Letters]> but was:<[No Words with Consecutive Letters, asdgd]>
	at TestCheckWordsWithConsecutiveLetters.testListWithNoExpectedWords(TestCheckWordsWithConsecutiveLetters.java:17)

